[0.093s] [34mcolcon[0m [1;30mDEBUG[0m [32mCommand line arguments: ['/usr/bin/colcon', 'build', '--symlink-install'][0m
[0.094s] [34mcolcon[0m [1;30mDEBUG[0m [32mParsed command line arguments: Namespace(log_base=None, log_level=None, verb_name='build', build_base='build', install_base='install', merge_install=False, symlink_install=True, test_result_base=None, continue_on_error=False, executor='parallel', parallel_workers=12, event_handlers=None, ignore_user_meta=False, metas=['./colcon.meta'], base_paths=['.'], packages_ignore=None, packages_ignore_regex=None, paths=None, packages_up_to=None, packages_up_to_regex=None, packages_above=None, packages_above_and_dependencies=None, packages_above_depth=None, packages_select_by_dep=None, packages_skip_by_dep=None, packages_skip_up_to=None, packages_select_build_failed=False, packages_skip_build_finished=False, packages_select_test_failures=False, packages_skip_test_passed=False, packages_select=None, packages_skip=None, packages_select_regex=None, packages_skip_regex=None, packages_start=None, packages_end=None, allow_overriding=[], cmake_args=None, cmake_target=None, cmake_target_skip_unavailable=False, cmake_clean_cache=False, cmake_clean_first=False, cmake_force_configure=False, ament_cmake_args=None, catkin_cmake_args=None, catkin_skip_building_tests=False, verb_parser=<colcon_defaults.argument_parser.defaults.DefaultArgumentsDecorator object at 0x7fd17e540e50>, verb_extension=<colcon_core.verb.build.BuildVerb object at 0x7fd17e64f990>, main=<bound method BuildVerb.main of <colcon_core.verb.build.BuildVerb object at 0x7fd17e64f990>>)[0m
[0.260s] [34mcolcon.colcon_core.package_discovery[0m [1;30mLevel 1[0m discover_packages(colcon_meta) check parameters
[0.260s] [34mcolcon.colcon_core.package_discovery[0m [1;30mLevel 1[0m discover_packages(recursive) check parameters
[0.260s] [34mcolcon.colcon_core.package_discovery[0m [1;30mLevel 1[0m discover_packages(ignore) check parameters
[0.260s] [34mcolcon.colcon_core.package_discovery[0m [1;30mLevel 1[0m discover_packages(path) check parameters
[0.260s] [34mcolcon.colcon_core.package_discovery[0m [1;30mLevel 1[0m discover_packages(colcon_meta) discover
[0.260s] [34mcolcon.colcon_core.package_discovery[0m [1;30mLevel 1[0m discover_packages(recursive) discover
[0.260s] [34mcolcon.colcon_core.package_discovery[0m [1;30mINFO[0m Crawling recursively for packages in '/home/heinlarsen/school/rcCar-Docker-ros2-dashing'
[0.261s] [34mcolcon.colcon_core.package_identification[0m [1;30mLevel 1[0m _identify(.) by extensions ['ignore', 'ignore_ament_install']
[0.261s] [34mcolcon.colcon_core.package_identification[0m [1;30mLevel 1[0m _identify(.) by extension 'ignore'
[0.261s] [34mcolcon.colcon_core.package_identification[0m [1;30mLevel 1[0m _identify(.) by extension 'ignore_ament_install'
[0.261s] [34mcolcon.colcon_core.package_identification[0m [1;30mLevel 1[0m _identify(.) by extensions ['colcon_pkg']
[0.261s] [34mcolcon.colcon_core.package_identification[0m [1;30mLevel 1[0m _identify(.) by extension 'colcon_pkg'
[0.261s] [34mcolcon.colcon_core.package_identification[0m [1;30mLevel 1[0m _identify(.) by extensions ['colcon_meta']
[0.261s] [34mcolcon.colcon_core.package_identification[0m [1;30mLevel 1[0m _identify(.) by extension 'colcon_meta'
[0.261s] [34mcolcon.colcon_core.package_identification[0m [1;30mLevel 1[0m _identify(.) by extensions ['ros']
[0.261s] [34mcolcon.colcon_core.package_identification[0m [1;30mLevel 1[0m _identify(.) by extension 'ros'
[0.278s] [34mcolcon.colcon_core.package_identification[0m [1;30mLevel 1[0m _identify(.) by extensions ['cmake', 'python']
[0.278s] [34mcolcon.colcon_core.package_identification[0m [1;30mLevel 1[0m _identify(.) by extension 'cmake'
[0.278s] [34mcolcon.colcon_core.package_identification[0m [1;30mLevel 1[0m _identify(.) by extension 'python'
[0.278s] [34mcolcon.colcon_core.package_identification[0m [1;30mLevel 1[0m _identify(.) by extensions ['python_setup_py']
[0.278s] [34mcolcon.colcon_core.package_identification[0m [1;30mLevel 1[0m _identify(.) by extension 'python_setup_py'
[0.279s] [34mcolcon.colcon_core.package_identification[0m [1;30mLevel 1[0m _identify(build) by extensions ['ignore', 'ignore_ament_install']
[0.279s] [34mcolcon.colcon_core.package_identification[0m [1;30mLevel 1[0m _identify(build) by extension 'ignore'
[0.279s] [34mcolcon.colcon_core.package_identification[0m [1;30mLevel 1[0m _identify(build) ignored
[0.279s] [34mcolcon.colcon_core.package_identification[0m [1;30mLevel 1[0m _identify(cc_car) by extensions ['ignore', 'ignore_ament_install']
[0.279s] [34mcolcon.colcon_core.package_identification[0m [1;30mLevel 1[0m _identify(cc_car) by extension 'ignore'
[0.279s] [34mcolcon.colcon_core.package_identification[0m [1;30mLevel 1[0m _identify(cc_car) by extension 'ignore_ament_install'
[0.279s] [34mcolcon.colcon_core.package_identification[0m [1;30mLevel 1[0m _identify(cc_car) by extensions ['colcon_pkg']
[0.279s] [34mcolcon.colcon_core.package_identification[0m [1;30mLevel 1[0m _identify(cc_car) by extension 'colcon_pkg'
[0.279s] [34mcolcon.colcon_core.package_identification[0m [1;30mLevel 1[0m _identify(cc_car) by extensions ['colcon_meta']
[0.279s] [34mcolcon.colcon_core.package_identification[0m [1;30mLevel 1[0m _identify(cc_car) by extension 'colcon_meta'
[0.279s] [34mcolcon.colcon_core.package_identification[0m [1;30mLevel 1[0m _identify(cc_car) by extensions ['ros']
[0.279s] [34mcolcon.colcon_core.package_identification[0m [1;30mLevel 1[0m _identify(cc_car) by extension 'ros'
[0.281s] [34mcolcon.colcon_core.package_identification[0m [1;30mDEBUG[0m [32mPackage 'cc_car' with type 'ros.ament_cmake' and name 'cc_car'[0m
[0.281s] [34mcolcon.colcon_core.package_identification[0m [1;30mLevel 1[0m _identify(controller) by extensions ['ignore', 'ignore_ament_install']
[0.281s] [34mcolcon.colcon_core.package_identification[0m [1;30mLevel 1[0m _identify(controller) by extension 'ignore'
[0.281s] [34mcolcon.colcon_core.package_identification[0m [1;30mLevel 1[0m _identify(controller) by extension 'ignore_ament_install'
[0.282s] [34mcolcon.colcon_core.package_identification[0m [1;30mLevel 1[0m _identify(controller) by extensions ['colcon_pkg']
[0.282s] [34mcolcon.colcon_core.package_identification[0m [1;30mLevel 1[0m _identify(controller) by extension 'colcon_pkg'
[0.282s] [34mcolcon.colcon_core.package_identification[0m [1;30mLevel 1[0m _identify(controller) by extensions ['colcon_meta']
[0.282s] [34mcolcon.colcon_core.package_identification[0m [1;30mLevel 1[0m _identify(controller) by extension 'colcon_meta'
[0.282s] [34mcolcon.colcon_core.package_identification[0m [1;30mLevel 1[0m _identify(controller) by extensions ['ros']
[0.282s] [34mcolcon.colcon_core.package_identification[0m [1;30mLevel 1[0m _identify(controller) by extension 'ros'
[0.282s] [34mcolcon.colcon_core.package_identification[0m [1;30mDEBUG[0m [32mPackage 'controller' with type 'ros.ament_cmake' and name 'controller'[0m
[0.282s] [34mcolcon.colcon_core.package_identification[0m [1;30mLevel 1[0m _identify(controllerr) by extensions ['ignore', 'ignore_ament_install']
[0.282s] [34mcolcon.colcon_core.package_identification[0m [1;30mLevel 1[0m _identify(controllerr) by extension 'ignore'
[0.282s] [34mcolcon.colcon_core.package_identification[0m [1;30mLevel 1[0m _identify(controllerr) by extension 'ignore_ament_install'
[0.282s] [34mcolcon.colcon_core.package_identification[0m [1;30mLevel 1[0m _identify(controllerr) by extensions ['colcon_pkg']
[0.282s] [34mcolcon.colcon_core.package_identification[0m [1;30mLevel 1[0m _identify(controllerr) by extension 'colcon_pkg'
[0.282s] [34mcolcon.colcon_core.package_identification[0m [1;30mLevel 1[0m _identify(controllerr) by extensions ['colcon_meta']
[0.282s] [34mcolcon.colcon_core.package_identification[0m [1;30mLevel 1[0m _identify(controllerr) by extension 'colcon_meta'
[0.282s] [34mcolcon.colcon_core.package_identification[0m [1;30mLevel 1[0m _identify(controllerr) by extensions ['ros']
[0.282s] [34mcolcon.colcon_core.package_identification[0m [1;30mLevel 1[0m _identify(controllerr) by extension 'ros'
[0.283s] [34mcolcon.colcon_core.package_identification[0m [1;30mLevel 1[0m _identify(controllerr) by extensions ['cmake', 'python']
[0.283s] [34mcolcon.colcon_core.package_identification[0m [1;30mLevel 1[0m _identify(controllerr) by extension 'cmake'
[0.283s] [34mcolcon.colcon_core.package_identification[0m [1;30mLevel 1[0m _identify(controllerr) by extension 'python'
[0.283s] [34mcolcon.colcon_core.package_identification[0m [1;30mLevel 1[0m _identify(controllerr) by extensions ['python_setup_py']
[0.283s] [34mcolcon.colcon_core.package_identification[0m [1;30mLevel 1[0m _identify(controllerr) by extension 'python_setup_py'
[0.283s] [34mcolcon.colcon_core.package_identification[0m [1;30mLevel 1[0m _identify(install) by extensions ['ignore', 'ignore_ament_install']
[0.283s] [34mcolcon.colcon_core.package_identification[0m [1;30mLevel 1[0m _identify(install) by extension 'ignore'
[0.283s] [34mcolcon.colcon_core.package_identification[0m [1;30mLevel 1[0m _identify(install) ignored
[0.283s] [34mcolcon.colcon_core.package_identification[0m [1;30mLevel 1[0m _identify(log) by extensions ['ignore', 'ignore_ament_install']
[0.283s] [34mcolcon.colcon_core.package_identification[0m [1;30mLevel 1[0m _identify(log) by extension 'ignore'
[0.283s] [34mcolcon.colcon_core.package_identification[0m [1;30mLevel 1[0m _identify(log) ignored
[0.283s] [34mcolcon.colcon_core.package_identification[0m [1;30mLevel 1[0m _identify(rc_car) by extensions ['ignore', 'ignore_ament_install']
[0.283s] [34mcolcon.colcon_core.package_identification[0m [1;30mLevel 1[0m _identify(rc_car) by extension 'ignore'
[0.283s] [34mcolcon.colcon_core.package_identification[0m [1;30mLevel 1[0m _identify(rc_car) by extension 'ignore_ament_install'
[0.283s] [34mcolcon.colcon_core.package_identification[0m [1;30mLevel 1[0m _identify(rc_car) by extensions ['colcon_pkg']
[0.283s] [34mcolcon.colcon_core.package_identification[0m [1;30mLevel 1[0m _identify(rc_car) by extension 'colcon_pkg'
[0.283s] [34mcolcon.colcon_core.package_identification[0m [1;30mLevel 1[0m _identify(rc_car) by extensions ['colcon_meta']
[0.283s] [34mcolcon.colcon_core.package_identification[0m [1;30mLevel 1[0m _identify(rc_car) by extension 'colcon_meta'
[0.283s] [34mcolcon.colcon_core.package_identification[0m [1;30mLevel 1[0m _identify(rc_car) by extensions ['ros']
[0.283s] [34mcolcon.colcon_core.package_identification[0m [1;30mLevel 1[0m _identify(rc_car) by extension 'ros'
[0.284s] [34mcolcon.colcon_core.package_identification[0m [1;30mDEBUG[0m [32mPackage 'rc_car' with type 'ros.ament_cmake' and name 'rc_car'[0m
[0.284s] [34mcolcon.colcon_core.package_identification[0m [1;30mLevel 1[0m _identify(ros2_ws) by extensions ['ignore', 'ignore_ament_install']
[0.284s] [34mcolcon.colcon_core.package_identification[0m [1;30mLevel 1[0m _identify(ros2_ws) by extension 'ignore'
[0.284s] [34mcolcon.colcon_core.package_identification[0m [1;30mLevel 1[0m _identify(ros2_ws) by extension 'ignore_ament_install'
[0.284s] [34mcolcon.colcon_core.package_identification[0m [1;30mLevel 1[0m _identify(ros2_ws) by extensions ['colcon_pkg']
[0.284s] [34mcolcon.colcon_core.package_identification[0m [1;30mLevel 1[0m _identify(ros2_ws) by extension 'colcon_pkg'
[0.284s] [34mcolcon.colcon_core.package_identification[0m [1;30mLevel 1[0m _identify(ros2_ws) by extensions ['colcon_meta']
[0.284s] [34mcolcon.colcon_core.package_identification[0m [1;30mLevel 1[0m _identify(ros2_ws) by extension 'colcon_meta'
[0.284s] [34mcolcon.colcon_core.package_identification[0m [1;30mLevel 1[0m _identify(ros2_ws) by extensions ['ros']
[0.284s] [34mcolcon.colcon_core.package_identification[0m [1;30mLevel 1[0m _identify(ros2_ws) by extension 'ros'
[0.284s] [34mcolcon.colcon_core.package_identification[0m [1;30mLevel 1[0m _identify(ros2_ws) by extensions ['cmake', 'python']
[0.284s] [34mcolcon.colcon_core.package_identification[0m [1;30mLevel 1[0m _identify(ros2_ws) by extension 'cmake'
[0.284s] [34mcolcon.colcon_core.package_identification[0m [1;30mLevel 1[0m _identify(ros2_ws) by extension 'python'
[0.284s] [34mcolcon.colcon_core.package_identification[0m [1;30mLevel 1[0m _identify(ros2_ws) by extensions ['python_setup_py']
[0.285s] [34mcolcon.colcon_core.package_identification[0m [1;30mLevel 1[0m _identify(ros2_ws) by extension 'python_setup_py'
[0.285s] [34mcolcon.colcon_core.package_identification[0m [1;30mLevel 1[0m _identify(ros2_ws/src) by extensions ['ignore', 'ignore_ament_install']
[0.285s] [34mcolcon.colcon_core.package_identification[0m [1;30mLevel 1[0m _identify(ros2_ws/src) by extension 'ignore'
[0.285s] [34mcolcon.colcon_core.package_identification[0m [1;30mLevel 1[0m _identify(ros2_ws/src) by extension 'ignore_ament_install'
[0.285s] [34mcolcon.colcon_core.package_identification[0m [1;30mLevel 1[0m _identify(ros2_ws/src) by extensions ['colcon_pkg']
[0.285s] [34mcolcon.colcon_core.package_identification[0m [1;30mLevel 1[0m _identify(ros2_ws/src) by extension 'colcon_pkg'
[0.285s] [34mcolcon.colcon_core.package_identification[0m [1;30mLevel 1[0m _identify(ros2_ws/src) by extensions ['colcon_meta']
[0.285s] [34mcolcon.colcon_core.package_identification[0m [1;30mLevel 1[0m _identify(ros2_ws/src) by extension 'colcon_meta'
[0.285s] [34mcolcon.colcon_core.package_identification[0m [1;30mLevel 1[0m _identify(ros2_ws/src) by extensions ['ros']
[0.285s] [34mcolcon.colcon_core.package_identification[0m [1;30mLevel 1[0m _identify(ros2_ws/src) by extension 'ros'
[0.285s] [34mcolcon.colcon_core.package_identification[0m [1;30mLevel 1[0m _identify(ros2_ws/src) by extensions ['cmake', 'python']
[0.285s] [34mcolcon.colcon_core.package_identification[0m [1;30mLevel 1[0m _identify(ros2_ws/src) by extension 'cmake'
[0.285s] [34mcolcon.colcon_core.package_identification[0m [1;30mLevel 1[0m _identify(ros2_ws/src) by extension 'python'
[0.285s] [34mcolcon.colcon_core.package_identification[0m [1;30mLevel 1[0m _identify(ros2_ws/src) by extensions ['python_setup_py']
[0.285s] [34mcolcon.colcon_core.package_identification[0m [1;30mLevel 1[0m _identify(ros2_ws/src) by extension 'python_setup_py'
[0.285s] [34mcolcon.colcon_core.package_identification[0m [1;30mLevel 1[0m _identify(ros2_ws/src/ros2_control) by extensions ['ignore', 'ignore_ament_install']
[0.285s] [34mcolcon.colcon_core.package_identification[0m [1;30mLevel 1[0m _identify(ros2_ws/src/ros2_control) by extension 'ignore'
[0.285s] [34mcolcon.colcon_core.package_identification[0m [1;30mLevel 1[0m _identify(ros2_ws/src/ros2_control) by extension 'ignore_ament_install'
[0.285s] [34mcolcon.colcon_core.package_identification[0m [1;30mLevel 1[0m _identify(ros2_ws/src/ros2_control) by extensions ['colcon_pkg']
[0.285s] [34mcolcon.colcon_core.package_identification[0m [1;30mLevel 1[0m _identify(ros2_ws/src/ros2_control) by extension 'colcon_pkg'
[0.286s] [34mcolcon.colcon_core.package_identification[0m [1;30mLevel 1[0m _identify(ros2_ws/src/ros2_control) by extensions ['colcon_meta']
[0.286s] [34mcolcon.colcon_core.package_identification[0m [1;30mLevel 1[0m _identify(ros2_ws/src/ros2_control) by extension 'colcon_meta'
[0.286s] [34mcolcon.colcon_core.package_identification[0m [1;30mLevel 1[0m _identify(ros2_ws/src/ros2_control) by extensions ['ros']
[0.286s] [34mcolcon.colcon_core.package_identification[0m [1;30mLevel 1[0m _identify(ros2_ws/src/ros2_control) by extension 'ros'
[0.286s] [34mcolcon.colcon_core.package_identification[0m [1;30mLevel 1[0m _identify(ros2_ws/src/ros2_control) by extensions ['cmake', 'python']
[0.286s] [34mcolcon.colcon_core.package_identification[0m [1;30mLevel 1[0m _identify(ros2_ws/src/ros2_control) by extension 'cmake'
[0.286s] [34mcolcon.colcon_core.package_identification[0m [1;30mLevel 1[0m _identify(ros2_ws/src/ros2_control) by extension 'python'
[0.286s] [34mcolcon.colcon_core.package_identification[0m [1;30mLevel 1[0m _identify(ros2_ws/src/ros2_control) by extensions ['python_setup_py']
[0.286s] [34mcolcon.colcon_core.package_identification[0m [1;30mLevel 1[0m _identify(ros2_ws/src/ros2_control) by extension 'python_setup_py'
[0.286s] [34mcolcon.colcon_core.package_identification[0m [1;30mLevel 1[0m _identify(ros2_ws/src/ros2_control/controller_interface) by extensions ['ignore', 'ignore_ament_install']
[0.286s] [34mcolcon.colcon_core.package_identification[0m [1;30mLevel 1[0m _identify(ros2_ws/src/ros2_control/controller_interface) by extension 'ignore'
[0.286s] [34mcolcon.colcon_core.package_identification[0m [1;30mLevel 1[0m _identify(ros2_ws/src/ros2_control/controller_interface) by extension 'ignore_ament_install'
[0.286s] [34mcolcon.colcon_core.package_identification[0m [1;30mLevel 1[0m _identify(ros2_ws/src/ros2_control/controller_interface) by extensions ['colcon_pkg']
[0.286s] [34mcolcon.colcon_core.package_identification[0m [1;30mLevel 1[0m _identify(ros2_ws/src/ros2_control/controller_interface) by extension 'colcon_pkg'
[0.286s] [34mcolcon.colcon_core.package_identification[0m [1;30mLevel 1[0m _identify(ros2_ws/src/ros2_control/controller_interface) by extensions ['colcon_meta']
[0.286s] [34mcolcon.colcon_core.package_identification[0m [1;30mLevel 1[0m _identify(ros2_ws/src/ros2_control/controller_interface) by extension 'colcon_meta'
[0.286s] [34mcolcon.colcon_core.package_identification[0m [1;30mLevel 1[0m _identify(ros2_ws/src/ros2_control/controller_interface) by extensions ['ros']
[0.286s] [34mcolcon.colcon_core.package_identification[0m [1;30mLevel 1[0m _identify(ros2_ws/src/ros2_control/controller_interface) by extension 'ros'
[0.287s] [34mcolcon.colcon_core.package_identification[0m [1;30mDEBUG[0m [32mPackage 'ros2_ws/src/ros2_control/controller_interface' with type 'ros.ament_cmake' and name 'controller_interface'[0m
[0.287s] [34mcolcon.colcon_core.package_identification[0m [1;30mLevel 1[0m _identify(ros2_ws/src/ros2_control/controller_manager) by extensions ['ignore', 'ignore_ament_install']
[0.287s] [34mcolcon.colcon_core.package_identification[0m [1;30mLevel 1[0m _identify(ros2_ws/src/ros2_control/controller_manager) by extension 'ignore'
[0.287s] [34mcolcon.colcon_core.package_identification[0m [1;30mLevel 1[0m _identify(ros2_ws/src/ros2_control/controller_manager) by extension 'ignore_ament_install'
[0.287s] [34mcolcon.colcon_core.package_identification[0m [1;30mLevel 1[0m _identify(ros2_ws/src/ros2_control/controller_manager) by extensions ['colcon_pkg']
[0.287s] [34mcolcon.colcon_core.package_identification[0m [1;30mLevel 1[0m _identify(ros2_ws/src/ros2_control/controller_manager) by extension 'colcon_pkg'
[0.287s] [34mcolcon.colcon_core.package_identification[0m [1;30mLevel 1[0m _identify(ros2_ws/src/ros2_control/controller_manager) by extensions ['colcon_meta']
[0.287s] [34mcolcon.colcon_core.package_identification[0m [1;30mLevel 1[0m _identify(ros2_ws/src/ros2_control/controller_manager) by extension 'colcon_meta'
[0.287s] [34mcolcon.colcon_core.package_identification[0m [1;30mLevel 1[0m _identify(ros2_ws/src/ros2_control/controller_manager) by extensions ['ros']
[0.287s] [34mcolcon.colcon_core.package_identification[0m [1;30mLevel 1[0m _identify(ros2_ws/src/ros2_control/controller_manager) by extension 'ros'
[0.288s] [34mcolcon.colcon_core.package_identification[0m [1;30mDEBUG[0m [32mPackage 'ros2_ws/src/ros2_control/controller_manager' with type 'ros.ament_cmake' and name 'controller_manager'[0m
[0.288s] [34mcolcon.colcon_core.package_identification[0m [1;30mLevel 1[0m _identify(ros2_ws/src/ros2_control/controller_parameter_server) by extensions ['ignore', 'ignore_ament_install']
[0.288s] [34mcolcon.colcon_core.package_identification[0m [1;30mLevel 1[0m _identify(ros2_ws/src/ros2_control/controller_parameter_server) by extension 'ignore'
[0.288s] [34mcolcon.colcon_core.package_identification[0m [1;30mLevel 1[0m _identify(ros2_ws/src/ros2_control/controller_parameter_server) by extension 'ignore_ament_install'
[0.288s] [34mcolcon.colcon_core.package_identification[0m [1;30mLevel 1[0m _identify(ros2_ws/src/ros2_control/controller_parameter_server) by extensions ['colcon_pkg']
[0.288s] [34mcolcon.colcon_core.package_identification[0m [1;30mLevel 1[0m _identify(ros2_ws/src/ros2_control/controller_parameter_server) by extension 'colcon_pkg'
[0.288s] [34mcolcon.colcon_core.package_identification[0m [1;30mLevel 1[0m _identify(ros2_ws/src/ros2_control/controller_parameter_server) by extensions ['colcon_meta']
[0.288s] [34mcolcon.colcon_core.package_identification[0m [1;30mLevel 1[0m _identify(ros2_ws/src/ros2_control/controller_parameter_server) by extension 'colcon_meta'
[0.288s] [34mcolcon.colcon_core.package_identification[0m [1;30mLevel 1[0m _identify(ros2_ws/src/ros2_control/controller_parameter_server) by extensions ['ros']
[0.288s] [34mcolcon.colcon_core.package_identification[0m [1;30mLevel 1[0m _identify(ros2_ws/src/ros2_control/controller_parameter_server) by extension 'ros'
[0.289s] [34mcolcon.colcon_core.package_identification[0m [1;30mDEBUG[0m [32mPackage 'ros2_ws/src/ros2_control/controller_parameter_server' with type 'ros.ament_cmake' and name 'controller_parameter_server'[0m
[0.289s] [34mcolcon.colcon_core.package_identification[0m [1;30mLevel 1[0m _identify(ros2_ws/src/ros2_control/hardware_interface) by extensions ['ignore', 'ignore_ament_install']
[0.289s] [34mcolcon.colcon_core.package_identification[0m [1;30mLevel 1[0m _identify(ros2_ws/src/ros2_control/hardware_interface) by extension 'ignore'
[0.289s] [34mcolcon.colcon_core.package_identification[0m [1;30mLevel 1[0m _identify(ros2_ws/src/ros2_control/hardware_interface) by extension 'ignore_ament_install'
[0.289s] [34mcolcon.colcon_core.package_identification[0m [1;30mLevel 1[0m _identify(ros2_ws/src/ros2_control/hardware_interface) by extensions ['colcon_pkg']
[0.289s] [34mcolcon.colcon_core.package_identification[0m [1;30mLevel 1[0m _identify(ros2_ws/src/ros2_control/hardware_interface) by extension 'colcon_pkg'
[0.289s] [34mcolcon.colcon_core.package_identification[0m [1;30mLevel 1[0m _identify(ros2_ws/src/ros2_control/hardware_interface) by extensions ['colcon_meta']
[0.289s] [34mcolcon.colcon_core.package_identification[0m [1;30mLevel 1[0m _identify(ros2_ws/src/ros2_control/hardware_interface) by extension 'colcon_meta'
[0.289s] [34mcolcon.colcon_core.package_identification[0m [1;30mLevel 1[0m _identify(ros2_ws/src/ros2_control/hardware_interface) by extensions ['ros']
[0.289s] [34mcolcon.colcon_core.package_identification[0m [1;30mLevel 1[0m _identify(ros2_ws/src/ros2_control/hardware_interface) by extension 'ros'
[0.290s] [34mcolcon.colcon_core.package_identification[0m [1;30mDEBUG[0m [32mPackage 'ros2_ws/src/ros2_control/hardware_interface' with type 'ros.ament_cmake' and name 'hardware_interface'[0m
[0.290s] [34mcolcon.colcon_core.package_identification[0m [1;30mLevel 1[0m _identify(ros2_ws/src/ros2_control/ros2_control) by extensions ['ignore', 'ignore_ament_install']
[0.290s] [34mcolcon.colcon_core.package_identification[0m [1;30mLevel 1[0m _identify(ros2_ws/src/ros2_control/ros2_control) by extension 'ignore'
[0.290s] [34mcolcon.colcon_core.package_identification[0m [1;30mLevel 1[0m _identify(ros2_ws/src/ros2_control/ros2_control) by extension 'ignore_ament_install'
[0.290s] [34mcolcon.colcon_core.package_identification[0m [1;30mLevel 1[0m _identify(ros2_ws/src/ros2_control/ros2_control) by extensions ['colcon_pkg']
[0.290s] [34mcolcon.colcon_core.package_identification[0m [1;30mLevel 1[0m _identify(ros2_ws/src/ros2_control/ros2_control) by extension 'colcon_pkg'
[0.290s] [34mcolcon.colcon_core.package_identification[0m [1;30mLevel 1[0m _identify(ros2_ws/src/ros2_control/ros2_control) by extensions ['colcon_meta']
[0.290s] [34mcolcon.colcon_core.package_identification[0m [1;30mLevel 1[0m _identify(ros2_ws/src/ros2_control/ros2_control) by extension 'colcon_meta'
[0.290s] [34mcolcon.colcon_core.package_identification[0m [1;30mLevel 1[0m _identify(ros2_ws/src/ros2_control/ros2_control) by extensions ['ros']
[0.290s] [34mcolcon.colcon_core.package_identification[0m [1;30mLevel 1[0m _identify(ros2_ws/src/ros2_control/ros2_control) by extension 'ros'
[0.291s] [34mcolcon.colcon_core.package_identification[0m [1;30mDEBUG[0m [32mPackage 'ros2_ws/src/ros2_control/ros2_control' with type 'ros.ament_cmake' and name 'ros2_control'[0m
[0.291s] [34mcolcon.colcon_core.package_identification[0m [1;30mLevel 1[0m _identify(ros2_ws/src/ros2_control/test_robot_hardware) by extensions ['ignore', 'ignore_ament_install']
[0.291s] [34mcolcon.colcon_core.package_identification[0m [1;30mLevel 1[0m _identify(ros2_ws/src/ros2_control/test_robot_hardware) by extension 'ignore'
[0.291s] [34mcolcon.colcon_core.package_identification[0m [1;30mLevel 1[0m _identify(ros2_ws/src/ros2_control/test_robot_hardware) by extension 'ignore_ament_install'
[0.291s] [34mcolcon.colcon_core.package_identification[0m [1;30mLevel 1[0m _identify(ros2_ws/src/ros2_control/test_robot_hardware) by extensions ['colcon_pkg']
[0.291s] [34mcolcon.colcon_core.package_identification[0m [1;30mLevel 1[0m _identify(ros2_ws/src/ros2_control/test_robot_hardware) by extension 'colcon_pkg'
[0.291s] [34mcolcon.colcon_core.package_identification[0m [1;30mLevel 1[0m _identify(ros2_ws/src/ros2_control/test_robot_hardware) by extensions ['colcon_meta']
[0.291s] [34mcolcon.colcon_core.package_identification[0m [1;30mLevel 1[0m _identify(ros2_ws/src/ros2_control/test_robot_hardware) by extension 'colcon_meta'
[0.291s] [34mcolcon.colcon_core.package_identification[0m [1;30mLevel 1[0m _identify(ros2_ws/src/ros2_control/test_robot_hardware) by extensions ['ros']
[0.291s] [34mcolcon.colcon_core.package_identification[0m [1;30mLevel 1[0m _identify(ros2_ws/src/ros2_control/test_robot_hardware) by extension 'ros'
[0.291s] [34mcolcon.colcon_core.package_identification[0m [1;30mDEBUG[0m [32mPackage 'ros2_ws/src/ros2_control/test_robot_hardware' with type 'ros.ament_cmake' and name 'test_robot_hardware'[0m
[0.291s] [34mcolcon.colcon_core.package_identification[0m [1;30mLevel 1[0m _identify(ros2_ws/src/ros2_controllers) by extensions ['ignore', 'ignore_ament_install']
[0.292s] [34mcolcon.colcon_core.package_identification[0m [1;30mLevel 1[0m _identify(ros2_ws/src/ros2_controllers) by extension 'ignore'
[0.292s] [34mcolcon.colcon_core.package_identification[0m [1;30mLevel 1[0m _identify(ros2_ws/src/ros2_controllers) by extension 'ignore_ament_install'
[0.292s] [34mcolcon.colcon_core.package_identification[0m [1;30mLevel 1[0m _identify(ros2_ws/src/ros2_controllers) by extensions ['colcon_pkg']
[0.292s] [34mcolcon.colcon_core.package_identification[0m [1;30mLevel 1[0m _identify(ros2_ws/src/ros2_controllers) by extension 'colcon_pkg'
[0.292s] [34mcolcon.colcon_core.package_identification[0m [1;30mLevel 1[0m _identify(ros2_ws/src/ros2_controllers) by extensions ['colcon_meta']
[0.292s] [34mcolcon.colcon_core.package_identification[0m [1;30mLevel 1[0m _identify(ros2_ws/src/ros2_controllers) by extension 'colcon_meta'
[0.292s] [34mcolcon.colcon_core.package_identification[0m [1;30mLevel 1[0m _identify(ros2_ws/src/ros2_controllers) by extensions ['ros']
[0.292s] [34mcolcon.colcon_core.package_identification[0m [1;30mLevel 1[0m _identify(ros2_ws/src/ros2_controllers) by extension 'ros'
[0.292s] [34mcolcon.colcon_core.package_identification[0m [1;30mLevel 1[0m _identify(ros2_ws/src/ros2_controllers) by extensions ['cmake', 'python']
[0.292s] [34mcolcon.colcon_core.package_identification[0m [1;30mLevel 1[0m _identify(ros2_ws/src/ros2_controllers) by extension 'cmake'
[0.292s] [34mcolcon.colcon_core.package_identification[0m [1;30mLevel 1[0m _identify(ros2_ws/src/ros2_controllers) by extension 'python'
[0.292s] [34mcolcon.colcon_core.package_identification[0m [1;30mLevel 1[0m _identify(ros2_ws/src/ros2_controllers) by extensions ['python_setup_py']
[0.292s] [34mcolcon.colcon_core.package_identification[0m [1;30mLevel 1[0m _identify(ros2_ws/src/ros2_controllers) by extension 'python_setup_py'
[0.292s] [34mcolcon.colcon_core.package_identification[0m [1;30mLevel 1[0m _identify(ros2_ws/src/ros2_controllers/ros_controllers) by extensions ['ignore', 'ignore_ament_install']
[0.292s] [34mcolcon.colcon_core.package_identification[0m [1;30mLevel 1[0m _identify(ros2_ws/src/ros2_controllers/ros_controllers) by extension 'ignore'
[0.292s] [34mcolcon.colcon_core.package_identification[0m [1;30mLevel 1[0m _identify(ros2_ws/src/ros2_controllers/ros_controllers) by extension 'ignore_ament_install'
[0.292s] [34mcolcon.colcon_core.package_identification[0m [1;30mLevel 1[0m _identify(ros2_ws/src/ros2_controllers/ros_controllers) by extensions ['colcon_pkg']
[0.292s] [34mcolcon.colcon_core.package_identification[0m [1;30mLevel 1[0m _identify(ros2_ws/src/ros2_controllers/ros_controllers) by extension 'colcon_pkg'
[0.292s] [34mcolcon.colcon_core.package_identification[0m [1;30mLevel 1[0m _identify(ros2_ws/src/ros2_controllers/ros_controllers) by extensions ['colcon_meta']
[0.292s] [34mcolcon.colcon_core.package_identification[0m [1;30mLevel 1[0m _identify(ros2_ws/src/ros2_controllers/ros_controllers) by extension 'colcon_meta'
[0.292s] [34mcolcon.colcon_core.package_identification[0m [1;30mLevel 1[0m _identify(ros2_ws/src/ros2_controllers/ros_controllers) by extensions ['ros']
[0.293s] [34mcolcon.colcon_core.package_identification[0m [1;30mLevel 1[0m _identify(ros2_ws/src/ros2_controllers/ros_controllers) by extension 'ros'
[0.293s] [34mcolcon.colcon_core.package_identification[0m [1;30mDEBUG[0m [32mPackage 'ros2_ws/src/ros2_controllers/ros_controllers' with type 'ros.ament_cmake' and name 'ros_controllers'[0m
[0.293s] [34mcolcon.colcon_core.package_identification[0m [1;30mLevel 1[0m _identify(ros2_ws/src/ros2_controllers/travis) by extensions ['ignore', 'ignore_ament_install']
[0.293s] [34mcolcon.colcon_core.package_identification[0m [1;30mLevel 1[0m _identify(ros2_ws/src/ros2_controllers/travis) by extension 'ignore'
[0.293s] [34mcolcon.colcon_core.package_identification[0m [1;30mLevel 1[0m _identify(ros2_ws/src/ros2_controllers/travis) by extension 'ignore_ament_install'
[0.293s] [34mcolcon.colcon_core.package_identification[0m [1;30mLevel 1[0m _identify(ros2_ws/src/ros2_controllers/travis) by extensions ['colcon_pkg']
[0.293s] [34mcolcon.colcon_core.package_identification[0m [1;30mLevel 1[0m _identify(ros2_ws/src/ros2_controllers/travis) by extension 'colcon_pkg'
[0.293s] [34mcolcon.colcon_core.package_identification[0m [1;30mLevel 1[0m _identify(ros2_ws/src/ros2_controllers/travis) by extensions ['colcon_meta']
[0.293s] [34mcolcon.colcon_core.package_identification[0m [1;30mLevel 1[0m _identify(ros2_ws/src/ros2_controllers/travis) by extension 'colcon_meta'
[0.294s] [34mcolcon.colcon_core.package_identification[0m [1;30mLevel 1[0m _identify(ros2_ws/src/ros2_controllers/travis) by extensions ['ros']
[0.294s] [34mcolcon.colcon_core.package_identification[0m [1;30mLevel 1[0m _identify(ros2_ws/src/ros2_controllers/travis) by extension 'ros'
[0.294s] [34mcolcon.colcon_core.package_identification[0m [1;30mLevel 1[0m _identify(ros2_ws/src/ros2_controllers/travis) by extensions ['cmake', 'python']
[0.294s] [34mcolcon.colcon_core.package_identification[0m [1;30mLevel 1[0m _identify(ros2_ws/src/ros2_controllers/travis) by extension 'cmake'
[0.294s] [34mcolcon.colcon_core.package_identification[0m [1;30mLevel 1[0m _identify(ros2_ws/src/ros2_controllers/travis) by extension 'python'
[0.294s] [34mcolcon.colcon_core.package_identification[0m [1;30mLevel 1[0m _identify(ros2_ws/src/ros2_controllers/travis) by extensions ['python_setup_py']
[0.294s] [34mcolcon.colcon_core.package_identification[0m [1;30mLevel 1[0m _identify(ros2_ws/src/ros2_controllers/travis) by extension 'python_setup_py'
[0.294s] [34mcolcon.colcon_core.package_identification[0m [1;30mLevel 1[0m _identify(ros2_ws/src/rplidar_ros) by extensions ['ignore', 'ignore_ament_install']
[0.294s] [34mcolcon.colcon_core.package_identification[0m [1;30mLevel 1[0m _identify(ros2_ws/src/rplidar_ros) by extension 'ignore'
[0.294s] [34mcolcon.colcon_core.package_identification[0m [1;30mLevel 1[0m _identify(ros2_ws/src/rplidar_ros) by extension 'ignore_ament_install'
[0.294s] [34mcolcon.colcon_core.package_identification[0m [1;30mLevel 1[0m _identify(ros2_ws/src/rplidar_ros) by extensions ['colcon_pkg']
[0.294s] [34mcolcon.colcon_core.package_identification[0m [1;30mLevel 1[0m _identify(ros2_ws/src/rplidar_ros) by extension 'colcon_pkg'
[0.294s] [34mcolcon.colcon_core.package_identification[0m [1;30mLevel 1[0m _identify(ros2_ws/src/rplidar_ros) by extensions ['colcon_meta']
[0.294s] [34mcolcon.colcon_core.package_identification[0m [1;30mLevel 1[0m _identify(ros2_ws/src/rplidar_ros) by extension 'colcon_meta'
[0.294s] [34mcolcon.colcon_core.package_identification[0m [1;30mLevel 1[0m _identify(ros2_ws/src/rplidar_ros) by extensions ['ros']
[0.294s] [34mcolcon.colcon_core.package_identification[0m [1;30mLevel 1[0m _identify(ros2_ws/src/rplidar_ros) by extension 'ros'
[0.295s] [34mcolcon.colcon_core.package_identification[0m [1;30mDEBUG[0m [32mPackage 'ros2_ws/src/rplidar_ros' with type 'ros.ament_cmake' and name 'rplidar_ros'[0m
[0.295s] [34mcolcon.colcon_core.package_discovery[0m [1;30mLevel 1[0m discover_packages(recursive) using defaults
[0.295s] [34mcolcon.colcon_core.package_discovery[0m [1;30mLevel 1[0m discover_packages(ignore) discover
[0.295s] [34mcolcon.colcon_core.package_discovery[0m [1;30mLevel 1[0m discover_packages(ignore) using defaults
[0.295s] [34mcolcon.colcon_core.package_discovery[0m [1;30mLevel 1[0m discover_packages(path) discover
[0.295s] [34mcolcon.colcon_core.package_discovery[0m [1;30mLevel 1[0m discover_packages(path) using defaults
[0.310s] [34mcolcon.colcon_core.package_discovery[0m [1;30mLevel 1[0m discover_packages(prefix_path) check parameters
[0.310s] [34mcolcon.colcon_core.package_discovery[0m [1;30mLevel 1[0m discover_packages(prefix_path) discover
[0.311s] [34mcolcon.colcon_core.package_discovery[0m [1;30mLevel 1[0m discover_packages(prefix_path) using defaults
[0.312s] [34mcolcon.colcon_core.verb[0m [1;30mLevel 5[0m set package 'cc_car' build argument 'cmake_args' from command line to 'None'
[0.312s] [34mcolcon.colcon_core.verb[0m [1;30mLevel 5[0m set package 'cc_car' build argument 'cmake_target' from command line to 'None'
[0.312s] [34mcolcon.colcon_core.verb[0m [1;30mLevel 5[0m set package 'cc_car' build argument 'cmake_target_skip_unavailable' from command line to 'False'
[0.312s] [34mcolcon.colcon_core.verb[0m [1;30mLevel 5[0m set package 'cc_car' build argument 'cmake_clean_cache' from command line to 'False'
[0.312s] [34mcolcon.colcon_core.verb[0m [1;30mLevel 5[0m set package 'cc_car' build argument 'cmake_clean_first' from command line to 'False'
[0.312s] [34mcolcon.colcon_core.verb[0m [1;30mLevel 5[0m set package 'cc_car' build argument 'cmake_force_configure' from command line to 'False'
[0.312s] [34mcolcon.colcon_core.verb[0m [1;30mLevel 5[0m set package 'cc_car' build argument 'ament_cmake_args' from command line to 'None'
[0.312s] [34mcolcon.colcon_core.verb[0m [1;30mLevel 5[0m set package 'cc_car' build argument 'catkin_cmake_args' from command line to 'None'
[0.312s] [34mcolcon.colcon_core.verb[0m [1;30mLevel 5[0m set package 'cc_car' build argument 'catkin_skip_building_tests' from command line to 'False'
[0.312s] [34mcolcon.colcon_core.verb[0m [1;30mDEBUG[0m [32mBuilding package 'cc_car' with the following arguments: {'ament_cmake_args': None, 'build_base': '/home/heinlarsen/school/rcCar-Docker-ros2-dashing/build/cc_car', 'catkin_cmake_args': None, 'catkin_skip_building_tests': False, 'cmake_args': None, 'cmake_clean_cache': False, 'cmake_clean_first': False, 'cmake_force_configure': False, 'cmake_target': None, 'cmake_target_skip_unavailable': False, 'install_base': '/home/heinlarsen/school/rcCar-Docker-ros2-dashing/install/cc_car', 'merge_install': False, 'path': '/home/heinlarsen/school/rcCar-Docker-ros2-dashing/cc_car', 'symlink_install': True, 'test_result_base': None}[0m
[0.313s] [34mcolcon.colcon_core.verb[0m [1;30mLevel 5[0m set package 'controller' build argument 'cmake_args' from command line to 'None'
[0.313s] [34mcolcon.colcon_core.verb[0m [1;30mLevel 5[0m set package 'controller' build argument 'cmake_target' from command line to 'None'
[0.313s] [34mcolcon.colcon_core.verb[0m [1;30mLevel 5[0m set package 'controller' build argument 'cmake_target_skip_unavailable' from command line to 'False'
[0.313s] [34mcolcon.colcon_core.verb[0m [1;30mLevel 5[0m set package 'controller' build argument 'cmake_clean_cache' from command line to 'False'
[0.313s] [34mcolcon.colcon_core.verb[0m [1;30mLevel 5[0m set package 'controller' build argument 'cmake_clean_first' from command line to 'False'
[0.313s] [34mcolcon.colcon_core.verb[0m [1;30mLevel 5[0m set package 'controller' build argument 'cmake_force_configure' from command line to 'False'
[0.313s] [34mcolcon.colcon_core.verb[0m [1;30mLevel 5[0m set package 'controller' build argument 'ament_cmake_args' from command line to 'None'
[0.313s] [34mcolcon.colcon_core.verb[0m [1;30mLevel 5[0m set package 'controller' build argument 'catkin_cmake_args' from command line to 'None'
[0.313s] [34mcolcon.colcon_core.verb[0m [1;30mLevel 5[0m set package 'controller' build argument 'catkin_skip_building_tests' from command line to 'False'
[0.313s] [34mcolcon.colcon_core.verb[0m [1;30mDEBUG[0m [32mBuilding package 'controller' with the following arguments: {'ament_cmake_args': None, 'build_base': '/home/heinlarsen/school/rcCar-Docker-ros2-dashing/build/controller', 'catkin_cmake_args': None, 'catkin_skip_building_tests': False, 'cmake_args': None, 'cmake_clean_cache': False, 'cmake_clean_first': False, 'cmake_force_configure': False, 'cmake_target': None, 'cmake_target_skip_unavailable': False, 'install_base': '/home/heinlarsen/school/rcCar-Docker-ros2-dashing/install/controller', 'merge_install': False, 'path': '/home/heinlarsen/school/rcCar-Docker-ros2-dashing/controller', 'symlink_install': True, 'test_result_base': None}[0m
[0.313s] [34mcolcon.colcon_core.verb[0m [1;30mLevel 5[0m set package 'controller_parameter_server' build argument 'cmake_args' from command line to 'None'
[0.313s] [34mcolcon.colcon_core.verb[0m [1;30mLevel 5[0m set package 'controller_parameter_server' build argument 'cmake_target' from command line to 'None'
[0.313s] [34mcolcon.colcon_core.verb[0m [1;30mLevel 5[0m set package 'controller_parameter_server' build argument 'cmake_target_skip_unavailable' from command line to 'False'
[0.313s] [34mcolcon.colcon_core.verb[0m [1;30mLevel 5[0m set package 'controller_parameter_server' build argument 'cmake_clean_cache' from command line to 'False'
[0.313s] [34mcolcon.colcon_core.verb[0m [1;30mLevel 5[0m set package 'controller_parameter_server' build argument 'cmake_clean_first' from command line to 'False'
[0.313s] [34mcolcon.colcon_core.verb[0m [1;30mLevel 5[0m set package 'controller_parameter_server' build argument 'cmake_force_configure' from command line to 'False'
[0.313s] [34mcolcon.colcon_core.verb[0m [1;30mLevel 5[0m set package 'controller_parameter_server' build argument 'ament_cmake_args' from command line to 'None'
[0.313s] [34mcolcon.colcon_core.verb[0m [1;30mLevel 5[0m set package 'controller_parameter_server' build argument 'catkin_cmake_args' from command line to 'None'
[0.313s] [34mcolcon.colcon_core.verb[0m [1;30mLevel 5[0m set package 'controller_parameter_server' build argument 'catkin_skip_building_tests' from command line to 'False'
[0.313s] [34mcolcon.colcon_core.verb[0m [1;30mDEBUG[0m [32mBuilding package 'controller_parameter_server' with the following arguments: {'ament_cmake_args': None, 'build_base': '/home/heinlarsen/school/rcCar-Docker-ros2-dashing/build/controller_parameter_server', 'catkin_cmake_args': None, 'catkin_skip_building_tests': False, 'cmake_args': None, 'cmake_clean_cache': False, 'cmake_clean_first': False, 'cmake_force_configure': False, 'cmake_target': None, 'cmake_target_skip_unavailable': False, 'install_base': '/home/heinlarsen/school/rcCar-Docker-ros2-dashing/install/controller_parameter_server', 'merge_install': False, 'path': '/home/heinlarsen/school/rcCar-Docker-ros2-dashing/ros2_ws/src/ros2_control/controller_parameter_server', 'symlink_install': True, 'test_result_base': None}[0m
[0.314s] [34mcolcon.colcon_core.verb[0m [1;30mLevel 5[0m set package 'hardware_interface' build argument 'cmake_args' from command line to 'None'
[0.314s] [34mcolcon.colcon_core.verb[0m [1;30mLevel 5[0m set package 'hardware_interface' build argument 'cmake_target' from command line to 'None'
[0.314s] [34mcolcon.colcon_core.verb[0m [1;30mLevel 5[0m set package 'hardware_interface' build argument 'cmake_target_skip_unavailable' from command line to 'False'
[0.314s] [34mcolcon.colcon_core.verb[0m [1;30mLevel 5[0m set package 'hardware_interface' build argument 'cmake_clean_cache' from command line to 'False'
[0.314s] [34mcolcon.colcon_core.verb[0m [1;30mLevel 5[0m set package 'hardware_interface' build argument 'cmake_clean_first' from command line to 'False'
[0.314s] [34mcolcon.colcon_core.verb[0m [1;30mLevel 5[0m set package 'hardware_interface' build argument 'cmake_force_configure' from command line to 'False'
[0.314s] [34mcolcon.colcon_core.verb[0m [1;30mLevel 5[0m set package 'hardware_interface' build argument 'ament_cmake_args' from command line to 'None'
[0.314s] [34mcolcon.colcon_core.verb[0m [1;30mLevel 5[0m set package 'hardware_interface' build argument 'catkin_cmake_args' from command line to 'None'
[0.314s] [34mcolcon.colcon_core.verb[0m [1;30mLevel 5[0m set package 'hardware_interface' build argument 'catkin_skip_building_tests' from command line to 'False'
[0.314s] [34mcolcon.colcon_core.verb[0m [1;30mDEBUG[0m [32mBuilding package 'hardware_interface' with the following arguments: {'ament_cmake_args': None, 'build_base': '/home/heinlarsen/school/rcCar-Docker-ros2-dashing/build/hardware_interface', 'catkin_cmake_args': None, 'catkin_skip_building_tests': False, 'cmake_args': None, 'cmake_clean_cache': False, 'cmake_clean_first': False, 'cmake_force_configure': False, 'cmake_target': None, 'cmake_target_skip_unavailable': False, 'install_base': '/home/heinlarsen/school/rcCar-Docker-ros2-dashing/install/hardware_interface', 'merge_install': False, 'path': '/home/heinlarsen/school/rcCar-Docker-ros2-dashing/ros2_ws/src/ros2_control/hardware_interface', 'symlink_install': True, 'test_result_base': None}[0m
[0.314s] [34mcolcon.colcon_core.verb[0m [1;30mLevel 5[0m set package 'rc_car' build argument 'cmake_args' from command line to 'None'
[0.314s] [34mcolcon.colcon_core.verb[0m [1;30mLevel 5[0m set package 'rc_car' build argument 'cmake_target' from command line to 'None'
[0.314s] [34mcolcon.colcon_core.verb[0m [1;30mLevel 5[0m set package 'rc_car' build argument 'cmake_target_skip_unavailable' from command line to 'False'
[0.314s] [34mcolcon.colcon_core.verb[0m [1;30mLevel 5[0m set package 'rc_car' build argument 'cmake_clean_cache' from command line to 'False'
[0.314s] [34mcolcon.colcon_core.verb[0m [1;30mLevel 5[0m set package 'rc_car' build argument 'cmake_clean_first' from command line to 'False'
[0.314s] [34mcolcon.colcon_core.verb[0m [1;30mLevel 5[0m set package 'rc_car' build argument 'cmake_force_configure' from command line to 'False'
[0.314s] [34mcolcon.colcon_core.verb[0m [1;30mLevel 5[0m set package 'rc_car' build argument 'ament_cmake_args' from command line to 'None'
[0.314s] [34mcolcon.colcon_core.verb[0m [1;30mLevel 5[0m set package 'rc_car' build argument 'catkin_cmake_args' from command line to 'None'
[0.314s] [34mcolcon.colcon_core.verb[0m [1;30mLevel 5[0m set package 'rc_car' build argument 'catkin_skip_building_tests' from command line to 'False'
[0.314s] [34mcolcon.colcon_core.verb[0m [1;30mDEBUG[0m [32mBuilding package 'rc_car' with the following arguments: {'ament_cmake_args': None, 'build_base': '/home/heinlarsen/school/rcCar-Docker-ros2-dashing/build/rc_car', 'catkin_cmake_args': None, 'catkin_skip_building_tests': False, 'cmake_args': None, 'cmake_clean_cache': False, 'cmake_clean_first': False, 'cmake_force_configure': False, 'cmake_target': None, 'cmake_target_skip_unavailable': False, 'install_base': '/home/heinlarsen/school/rcCar-Docker-ros2-dashing/install/rc_car', 'merge_install': False, 'path': '/home/heinlarsen/school/rcCar-Docker-ros2-dashing/rc_car', 'symlink_install': True, 'test_result_base': None}[0m
[0.315s] [34mcolcon.colcon_core.verb[0m [1;30mLevel 5[0m set package 'rplidar_ros' build argument 'cmake_args' from command line to 'None'
[0.315s] [34mcolcon.colcon_core.verb[0m [1;30mLevel 5[0m set package 'rplidar_ros' build argument 'cmake_target' from command line to 'None'
[0.315s] [34mcolcon.colcon_core.verb[0m [1;30mLevel 5[0m set package 'rplidar_ros' build argument 'cmake_target_skip_unavailable' from command line to 'False'
[0.315s] [34mcolcon.colcon_core.verb[0m [1;30mLevel 5[0m set package 'rplidar_ros' build argument 'cmake_clean_cache' from command line to 'False'
[0.315s] [34mcolcon.colcon_core.verb[0m [1;30mLevel 5[0m set package 'rplidar_ros' build argument 'cmake_clean_first' from command line to 'False'
[0.315s] [34mcolcon.colcon_core.verb[0m [1;30mLevel 5[0m set package 'rplidar_ros' build argument 'cmake_force_configure' from command line to 'False'
[0.315s] [34mcolcon.colcon_core.verb[0m [1;30mLevel 5[0m set package 'rplidar_ros' build argument 'ament_cmake_args' from command line to 'None'
[0.315s] [34mcolcon.colcon_core.verb[0m [1;30mLevel 5[0m set package 'rplidar_ros' build argument 'catkin_cmake_args' from command line to 'None'
[0.315s] [34mcolcon.colcon_core.verb[0m [1;30mLevel 5[0m set package 'rplidar_ros' build argument 'catkin_skip_building_tests' from command line to 'False'
[0.315s] [34mcolcon.colcon_core.verb[0m [1;30mDEBUG[0m [32mBuilding package 'rplidar_ros' with the following arguments: {'ament_cmake_args': None, 'build_base': '/home/heinlarsen/school/rcCar-Docker-ros2-dashing/build/rplidar_ros', 'catkin_cmake_args': None, 'catkin_skip_building_tests': False, 'cmake_args': None, 'cmake_clean_cache': False, 'cmake_clean_first': False, 'cmake_force_configure': False, 'cmake_target': None, 'cmake_target_skip_unavailable': False, 'install_base': '/home/heinlarsen/school/rcCar-Docker-ros2-dashing/install/rplidar_ros', 'merge_install': False, 'path': '/home/heinlarsen/school/rcCar-Docker-ros2-dashing/ros2_ws/src/rplidar_ros', 'symlink_install': True, 'test_result_base': None}[0m
[0.315s] [34mcolcon.colcon_core.verb[0m [1;30mLevel 5[0m set package 'controller_interface' build argument 'cmake_args' from command line to 'None'
[0.315s] [34mcolcon.colcon_core.verb[0m [1;30mLevel 5[0m set package 'controller_interface' build argument 'cmake_target' from command line to 'None'
[0.315s] [34mcolcon.colcon_core.verb[0m [1;30mLevel 5[0m set package 'controller_interface' build argument 'cmake_target_skip_unavailable' from command line to 'False'
[0.315s] [34mcolcon.colcon_core.verb[0m [1;30mLevel 5[0m set package 'controller_interface' build argument 'cmake_clean_cache' from command line to 'False'
[0.315s] [34mcolcon.colcon_core.verb[0m [1;30mLevel 5[0m set package 'controller_interface' build argument 'cmake_clean_first' from command line to 'False'
[0.315s] [34mcolcon.colcon_core.verb[0m [1;30mLevel 5[0m set package 'controller_interface' build argument 'cmake_force_configure' from command line to 'False'
[0.315s] [34mcolcon.colcon_core.verb[0m [1;30mLevel 5[0m set package 'controller_interface' build argument 'ament_cmake_args' from command line to 'None'
[0.315s] [34mcolcon.colcon_core.verb[0m [1;30mLevel 5[0m set package 'controller_interface' build argument 'catkin_cmake_args' from command line to 'None'
[0.315s] [34mcolcon.colcon_core.verb[0m [1;30mLevel 5[0m set package 'controller_interface' build argument 'catkin_skip_building_tests' from command line to 'False'
[0.315s] [34mcolcon.colcon_core.verb[0m [1;30mDEBUG[0m [32mBuilding package 'controller_interface' with the following arguments: {'ament_cmake_args': None, 'build_base': '/home/heinlarsen/school/rcCar-Docker-ros2-dashing/build/controller_interface', 'catkin_cmake_args': None, 'catkin_skip_building_tests': False, 'cmake_args': None, 'cmake_clean_cache': False, 'cmake_clean_first': False, 'cmake_force_configure': False, 'cmake_target': None, 'cmake_target_skip_unavailable': False, 'install_base': '/home/heinlarsen/school/rcCar-Docker-ros2-dashing/install/controller_interface', 'merge_install': False, 'path': '/home/heinlarsen/school/rcCar-Docker-ros2-dashing/ros2_ws/src/ros2_control/controller_interface', 'symlink_install': True, 'test_result_base': None}[0m
[0.315s] [34mcolcon.colcon_core.verb[0m [1;30mLevel 5[0m set package 'test_robot_hardware' build argument 'cmake_args' from command line to 'None'
[0.316s] [34mcolcon.colcon_core.verb[0m [1;30mLevel 5[0m set package 'test_robot_hardware' build argument 'cmake_target' from command line to 'None'
[0.316s] [34mcolcon.colcon_core.verb[0m [1;30mLevel 5[0m set package 'test_robot_hardware' build argument 'cmake_target_skip_unavailable' from command line to 'False'
[0.316s] [34mcolcon.colcon_core.verb[0m [1;30mLevel 5[0m set package 'test_robot_hardware' build argument 'cmake_clean_cache' from command line to 'False'
[0.316s] [34mcolcon.colcon_core.verb[0m [1;30mLevel 5[0m set package 'test_robot_hardware' build argument 'cmake_clean_first' from command line to 'False'
[0.316s] [34mcolcon.colcon_core.verb[0m [1;30mLevel 5[0m set package 'test_robot_hardware' build argument 'cmake_force_configure' from command line to 'False'
[0.316s] [34mcolcon.colcon_core.verb[0m [1;30mLevel 5[0m set package 'test_robot_hardware' build argument 'ament_cmake_args' from command line to 'None'
[0.316s] [34mcolcon.colcon_core.verb[0m [1;30mLevel 5[0m set package 'test_robot_hardware' build argument 'catkin_cmake_args' from command line to 'None'
[0.316s] [34mcolcon.colcon_core.verb[0m [1;30mLevel 5[0m set package 'test_robot_hardware' build argument 'catkin_skip_building_tests' from command line to 'False'
[0.316s] [34mcolcon.colcon_core.verb[0m [1;30mDEBUG[0m [32mBuilding package 'test_robot_hardware' with the following arguments: {'ament_cmake_args': None, 'build_base': '/home/heinlarsen/school/rcCar-Docker-ros2-dashing/build/test_robot_hardware', 'catkin_cmake_args': None, 'catkin_skip_building_tests': False, 'cmake_args': None, 'cmake_clean_cache': False, 'cmake_clean_first': False, 'cmake_force_configure': False, 'cmake_target': None, 'cmake_target_skip_unavailable': False, 'install_base': '/home/heinlarsen/school/rcCar-Docker-ros2-dashing/install/test_robot_hardware', 'merge_install': False, 'path': '/home/heinlarsen/school/rcCar-Docker-ros2-dashing/ros2_ws/src/ros2_control/test_robot_hardware', 'symlink_install': True, 'test_result_base': None}[0m
[0.316s] [34mcolcon.colcon_core.verb[0m [1;30mLevel 5[0m set package 'controller_manager' build argument 'cmake_args' from command line to 'None'
[0.316s] [34mcolcon.colcon_core.verb[0m [1;30mLevel 5[0m set package 'controller_manager' build argument 'cmake_target' from command line to 'None'
[0.316s] [34mcolcon.colcon_core.verb[0m [1;30mLevel 5[0m set package 'controller_manager' build argument 'cmake_target_skip_unavailable' from command line to 'False'
[0.316s] [34mcolcon.colcon_core.verb[0m [1;30mLevel 5[0m set package 'controller_manager' build argument 'cmake_clean_cache' from command line to 'False'
[0.316s] [34mcolcon.colcon_core.verb[0m [1;30mLevel 5[0m set package 'controller_manager' build argument 'cmake_clean_first' from command line to 'False'
[0.316s] [34mcolcon.colcon_core.verb[0m [1;30mLevel 5[0m set package 'controller_manager' build argument 'cmake_force_configure' from command line to 'False'
[0.316s] [34mcolcon.colcon_core.verb[0m [1;30mLevel 5[0m set package 'controller_manager' build argument 'ament_cmake_args' from command line to 'None'
[0.316s] [34mcolcon.colcon_core.verb[0m [1;30mLevel 5[0m set package 'controller_manager' build argument 'catkin_cmake_args' from command line to 'None'
[0.316s] [34mcolcon.colcon_core.verb[0m [1;30mLevel 5[0m set package 'controller_manager' build argument 'catkin_skip_building_tests' from command line to 'False'
[0.316s] [34mcolcon.colcon_core.verb[0m [1;30mDEBUG[0m [32mBuilding package 'controller_manager' with the following arguments: {'ament_cmake_args': None, 'build_base': '/home/heinlarsen/school/rcCar-Docker-ros2-dashing/build/controller_manager', 'catkin_cmake_args': None, 'catkin_skip_building_tests': False, 'cmake_args': None, 'cmake_clean_cache': False, 'cmake_clean_first': False, 'cmake_force_configure': False, 'cmake_target': None, 'cmake_target_skip_unavailable': False, 'install_base': '/home/heinlarsen/school/rcCar-Docker-ros2-dashing/install/controller_manager', 'merge_install': False, 'path': '/home/heinlarsen/school/rcCar-Docker-ros2-dashing/ros2_ws/src/ros2_control/controller_manager', 'symlink_install': True, 'test_result_base': None}[0m
[0.316s] [34mcolcon.colcon_core.verb[0m [1;30mLevel 5[0m set package 'ros2_control' build argument 'cmake_args' from command line to 'None'
[0.316s] [34mcolcon.colcon_core.verb[0m [1;30mLevel 5[0m set package 'ros2_control' build argument 'cmake_target' from command line to 'None'
[0.316s] [34mcolcon.colcon_core.verb[0m [1;30mLevel 5[0m set package 'ros2_control' build argument 'cmake_target_skip_unavailable' from command line to 'False'
[0.317s] [34mcolcon.colcon_core.verb[0m [1;30mLevel 5[0m set package 'ros2_control' build argument 'cmake_clean_cache' from command line to 'False'
[0.317s] [34mcolcon.colcon_core.verb[0m [1;30mLevel 5[0m set package 'ros2_control' build argument 'cmake_clean_first' from command line to 'False'
[0.317s] [34mcolcon.colcon_core.verb[0m [1;30mLevel 5[0m set package 'ros2_control' build argument 'cmake_force_configure' from command line to 'False'
[0.317s] [34mcolcon.colcon_core.verb[0m [1;30mLevel 5[0m set package 'ros2_control' build argument 'ament_cmake_args' from command line to 'None'
[0.317s] [34mcolcon.colcon_core.verb[0m [1;30mLevel 5[0m set package 'ros2_control' build argument 'catkin_cmake_args' from command line to 'None'
[0.317s] [34mcolcon.colcon_core.verb[0m [1;30mLevel 5[0m set package 'ros2_control' build argument 'catkin_skip_building_tests' from command line to 'False'
[0.317s] [34mcolcon.colcon_core.verb[0m [1;30mDEBUG[0m [32mBuilding package 'ros2_control' with the following arguments: {'ament_cmake_args': None, 'build_base': '/home/heinlarsen/school/rcCar-Docker-ros2-dashing/build/ros2_control', 'catkin_cmake_args': None, 'catkin_skip_building_tests': False, 'cmake_args': None, 'cmake_clean_cache': False, 'cmake_clean_first': False, 'cmake_force_configure': False, 'cmake_target': None, 'cmake_target_skip_unavailable': False, 'install_base': '/home/heinlarsen/school/rcCar-Docker-ros2-dashing/install/ros2_control', 'merge_install': False, 'path': '/home/heinlarsen/school/rcCar-Docker-ros2-dashing/ros2_ws/src/ros2_control/ros2_control', 'symlink_install': True, 'test_result_base': None}[0m
[0.317s] [34mcolcon.colcon_core.verb[0m [1;30mLevel 5[0m set package 'ros_controllers' build argument 'cmake_args' from command line to 'None'
[0.317s] [34mcolcon.colcon_core.verb[0m [1;30mLevel 5[0m set package 'ros_controllers' build argument 'cmake_target' from command line to 'None'
[0.317s] [34mcolcon.colcon_core.verb[0m [1;30mLevel 5[0m set package 'ros_controllers' build argument 'cmake_target_skip_unavailable' from command line to 'False'
[0.317s] [34mcolcon.colcon_core.verb[0m [1;30mLevel 5[0m set package 'ros_controllers' build argument 'cmake_clean_cache' from command line to 'False'
[0.317s] [34mcolcon.colcon_core.verb[0m [1;30mLevel 5[0m set package 'ros_controllers' build argument 'cmake_clean_first' from command line to 'False'
[0.317s] [34mcolcon.colcon_core.verb[0m [1;30mLevel 5[0m set package 'ros_controllers' build argument 'cmake_force_configure' from command line to 'False'
[0.317s] [34mcolcon.colcon_core.verb[0m [1;30mLevel 5[0m set package 'ros_controllers' build argument 'ament_cmake_args' from command line to 'None'
[0.317s] [34mcolcon.colcon_core.verb[0m [1;30mLevel 5[0m set package 'ros_controllers' build argument 'catkin_cmake_args' from command line to 'None'
[0.317s] [34mcolcon.colcon_core.verb[0m [1;30mLevel 5[0m set package 'ros_controllers' build argument 'catkin_skip_building_tests' from command line to 'False'
[0.317s] [34mcolcon.colcon_core.verb[0m [1;30mDEBUG[0m [32mBuilding package 'ros_controllers' with the following arguments: {'ament_cmake_args': None, 'build_base': '/home/heinlarsen/school/rcCar-Docker-ros2-dashing/build/ros_controllers', 'catkin_cmake_args': None, 'catkin_skip_building_tests': False, 'cmake_args': None, 'cmake_clean_cache': False, 'cmake_clean_first': False, 'cmake_force_configure': False, 'cmake_target': None, 'cmake_target_skip_unavailable': False, 'install_base': '/home/heinlarsen/school/rcCar-Docker-ros2-dashing/install/ros_controllers', 'merge_install': False, 'path': '/home/heinlarsen/school/rcCar-Docker-ros2-dashing/ros2_ws/src/ros2_controllers/ros_controllers', 'symlink_install': True, 'test_result_base': None}[0m
[0.317s] [34mcolcon.colcon_core.executor[0m [1;30mINFO[0m Executing jobs using 'parallel' executor
[0.318s] [34mcolcon.colcon_parallel_executor.executor.parallel[0m [1;30mDEBUG[0m [32mrun_until_complete[0m
[0.319s] [34mcolcon.colcon_ros.task.ament_cmake.build[0m [1;30mINFO[0m Building ROS package in '/home/heinlarsen/school/rcCar-Docker-ros2-dashing/ros2_ws/src/ros2_control/hardware_interface' with build type 'ament_cmake'
[0.319s] [34mcolcon.colcon_cmake.task.cmake.build[0m [1;30mINFO[0m Building CMake package in '/home/heinlarsen/school/rcCar-Docker-ros2-dashing/ros2_ws/src/ros2_control/hardware_interface'
[0.321s] [34mcolcon.colcon_core.plugin_system[0m [1;30mINFO[0m Skipping extension 'colcon_core.shell.bat': Not used on non-Windows systems
[0.322s] [34mcolcon.colcon_core.shell[0m [1;30mINFO[0m Skip shell extension 'powershell' for command environment: Not usable outside of PowerShell
[0.322s] [34mcolcon.colcon_core.shell[0m [1;30mDEBUG[0m [32mSkip shell extension 'dsv' for command environment[0m
[0.323s] [34mcolcon.colcon_ros.task.ament_cmake.build[0m [1;30mINFO[0m Building ROS package in '/home/heinlarsen/school/rcCar-Docker-ros2-dashing/ros2_ws/src/ros2_control/controller_parameter_server' with build type 'ament_cmake'
[0.323s] [34mcolcon.colcon_cmake.task.cmake.build[0m [1;30mINFO[0m Building CMake package in '/home/heinlarsen/school/rcCar-Docker-ros2-dashing/ros2_ws/src/ros2_control/controller_parameter_server'
[0.323s] [34mcolcon.colcon_core.shell[0m [1;30mINFO[0m Skip shell extension 'powershell' for command environment: Not usable outside of PowerShell
[0.323s] [34mcolcon.colcon_core.shell[0m [1;30mDEBUG[0m [32mSkip shell extension 'dsv' for command environment[0m
[0.324s] [34mcolcon.colcon_ros.task.ament_cmake.build[0m [1;30mINFO[0m Building ROS package in '/home/heinlarsen/school/rcCar-Docker-ros2-dashing/cc_car' with build type 'ament_cmake'
[0.325s] [34mcolcon.colcon_cmake.task.cmake.build[0m [1;30mINFO[0m Building CMake package in '/home/heinlarsen/school/rcCar-Docker-ros2-dashing/cc_car'
[0.325s] [34mcolcon.colcon_core.shell[0m [1;30mINFO[0m Skip shell extension 'powershell' for command environment: Not usable outside of PowerShell
[0.325s] [34mcolcon.colcon_core.shell[0m [1;30mDEBUG[0m [32mSkip shell extension 'dsv' for command environment[0m
[0.326s] [34mcolcon.colcon_ros.task.ament_cmake.build[0m [1;30mINFO[0m Building ROS package in '/home/heinlarsen/school/rcCar-Docker-ros2-dashing/controller' with build type 'ament_cmake'
[0.326s] [34mcolcon.colcon_cmake.task.cmake.build[0m [1;30mINFO[0m Building CMake package in '/home/heinlarsen/school/rcCar-Docker-ros2-dashing/controller'
[0.326s] [34mcolcon.colcon_core.shell[0m [1;30mINFO[0m Skip shell extension 'powershell' for command environment: Not usable outside of PowerShell
[0.326s] [34mcolcon.colcon_core.shell[0m [1;30mDEBUG[0m [32mSkip shell extension 'dsv' for command environment[0m
[0.327s] [34mcolcon.colcon_ros.task.ament_cmake.build[0m [1;30mINFO[0m Building ROS package in '/home/heinlarsen/school/rcCar-Docker-ros2-dashing/rc_car' with build type 'ament_cmake'
[0.327s] [34mcolcon.colcon_cmake.task.cmake.build[0m [1;30mINFO[0m Building CMake package in '/home/heinlarsen/school/rcCar-Docker-ros2-dashing/rc_car'
[0.328s] [34mcolcon.colcon_core.shell[0m [1;30mINFO[0m Skip shell extension 'powershell' for command environment: Not usable outside of PowerShell
[0.328s] [34mcolcon.colcon_core.shell[0m [1;30mDEBUG[0m [32mSkip shell extension 'dsv' for command environment[0m
[0.328s] [34mcolcon.colcon_ros.task.ament_cmake.build[0m [1;30mINFO[0m Building ROS package in '/home/heinlarsen/school/rcCar-Docker-ros2-dashing/ros2_ws/src/rplidar_ros' with build type 'ament_cmake'
[0.329s] [34mcolcon.colcon_cmake.task.cmake.build[0m [1;30mINFO[0m Building CMake package in '/home/heinlarsen/school/rcCar-Docker-ros2-dashing/ros2_ws/src/rplidar_ros'
[0.329s] [34mcolcon.colcon_core.shell[0m [1;30mINFO[0m Skip shell extension 'powershell' for command environment: Not usable outside of PowerShell
[0.329s] [34mcolcon.colcon_core.shell[0m [1;30mDEBUG[0m [32mSkip shell extension 'dsv' for command environment[0m
[0.335s] [34mcolcon.colcon_core.event_handler.log_command[0m [1;30mDEBUG[0m [32mInvoking command in '/home/heinlarsen/school/rcCar-Docker-ros2-dashing/build/hardware_interface': DEBUGINFOD_URLS=https://debuginfod.fedoraproject.org/ RPM_PACKAGE_NAME=${RPM_PACKAGE_NAME}
BASH_FUNC_ml%%=() {  eval "$($LMOD_DIR/ml_cmd "$@")"
}
BASH_FUNC_module%%=() {  if [ -z "${LMOD_SH_DBG_ON+x}" ]; then
 case "$-" in
 *v*x*)
 __lmod_sh_dbg='vx'
 ;;
 *v*)
 __lmod_sh_dbg='v'
 ;;
 *x*)
 __lmod_sh_dbg='x'
 ;;
 esac;
 fi;
 if [ -n "${__lmod_sh_dbg:-}" ]; then
 set +$__lmod_sh_dbg;
 echo "Shell debugging temporarily silenced: export LMOD_SH_DBG_ON=1 for Lmod's output" 1>&2;
 fi;
 eval "$($LMOD_CMD shell "$@")" && eval "$(${LMOD_SETTARG_CMD:-:} -s sh)";
 __lmod_my_status=$?;
 if [ -n "${__lmod_sh_dbg:-}" ]; then
 echo "Shell debugging restarted" 1>&2;
 set -$__lmod_sh_dbg;
 fi;
 unset __lmod_sh_dbg;
 return $__lmod_my_status
} _=/usr/bin/env /usr/bin/cmake /home/heinlarsen/school/rcCar-Docker-ros2-dashing/ros2_ws/src/ros2_control/hardware_interface -DAMENT_CMAKE_SYMLINK_INSTALL=1 -DCMAKE_INSTALL_PREFIX=/home/heinlarsen/school/rcCar-Docker-ros2-dashing/install/hardware_interface[0m
[0.338s] [34mcolcon.colcon_core.event_handler.log_command[0m [1;30mDEBUG[0m [32mInvoking command in '/home/heinlarsen/school/rcCar-Docker-ros2-dashing/build/controller_parameter_server': DEBUGINFOD_URLS=https://debuginfod.fedoraproject.org/ RPM_PACKAGE_NAME=${RPM_PACKAGE_NAME}
BASH_FUNC_ml%%=() {  eval "$($LMOD_DIR/ml_cmd "$@")"
}
BASH_FUNC_module%%=() {  if [ -z "${LMOD_SH_DBG_ON+x}" ]; then
 case "$-" in
 *v*x*)
 __lmod_sh_dbg='vx'
 ;;
 *v*)
 __lmod_sh_dbg='v'
 ;;
 *x*)
 __lmod_sh_dbg='x'
 ;;
 esac;
 fi;
 if [ -n "${__lmod_sh_dbg:-}" ]; then
 set +$__lmod_sh_dbg;
 echo "Shell debugging temporarily silenced: export LMOD_SH_DBG_ON=1 for Lmod's output" 1>&2;
 fi;
 eval "$($LMOD_CMD shell "$@")" && eval "$(${LMOD_SETTARG_CMD:-:} -s sh)";
 __lmod_my_status=$?;
 if [ -n "${__lmod_sh_dbg:-}" ]; then
 echo "Shell debugging restarted" 1>&2;
 set -$__lmod_sh_dbg;
 fi;
 unset __lmod_sh_dbg;
 return $__lmod_my_status
} _=/usr/bin/env /usr/bin/cmake /home/heinlarsen/school/rcCar-Docker-ros2-dashing/ros2_ws/src/ros2_control/controller_parameter_server -DAMENT_CMAKE_SYMLINK_INSTALL=1 -DCMAKE_INSTALL_PREFIX=/home/heinlarsen/school/rcCar-Docker-ros2-dashing/install/controller_parameter_server[0m
[0.341s] [34mcolcon.colcon_core.event_handler.log_command[0m [1;30mDEBUG[0m [32mInvoking command in '/home/heinlarsen/school/rcCar-Docker-ros2-dashing/build/cc_car': DEBUGINFOD_URLS=https://debuginfod.fedoraproject.org/ RPM_PACKAGE_NAME=${RPM_PACKAGE_NAME}
BASH_FUNC_ml%%=() {  eval "$($LMOD_DIR/ml_cmd "$@")"
}
BASH_FUNC_module%%=() {  if [ -z "${LMOD_SH_DBG_ON+x}" ]; then
 case "$-" in
 *v*x*)
 __lmod_sh_dbg='vx'
 ;;
 *v*)
 __lmod_sh_dbg='v'
 ;;
 *x*)
 __lmod_sh_dbg='x'
 ;;
 esac;
 fi;
 if [ -n "${__lmod_sh_dbg:-}" ]; then
 set +$__lmod_sh_dbg;
 echo "Shell debugging temporarily silenced: export LMOD_SH_DBG_ON=1 for Lmod's output" 1>&2;
 fi;
 eval "$($LMOD_CMD shell "$@")" && eval "$(${LMOD_SETTARG_CMD:-:} -s sh)";
 __lmod_my_status=$?;
 if [ -n "${__lmod_sh_dbg:-}" ]; then
 echo "Shell debugging restarted" 1>&2;
 set -$__lmod_sh_dbg;
 fi;
 unset __lmod_sh_dbg;
 return $__lmod_my_status
} _=/usr/bin/env /usr/bin/cmake /home/heinlarsen/school/rcCar-Docker-ros2-dashing/cc_car -DAMENT_CMAKE_SYMLINK_INSTALL=1 -DCMAKE_INSTALL_PREFIX=/home/heinlarsen/school/rcCar-Docker-ros2-dashing/install/cc_car[0m
[0.344s] [34mcolcon.colcon_core.event_handler.log_command[0m [1;30mDEBUG[0m [32mInvoking command in '/home/heinlarsen/school/rcCar-Docker-ros2-dashing/build/controller': DEBUGINFOD_URLS=https://debuginfod.fedoraproject.org/ RPM_PACKAGE_NAME=${RPM_PACKAGE_NAME}
BASH_FUNC_ml%%=() {  eval "$($LMOD_DIR/ml_cmd "$@")"
}
BASH_FUNC_module%%=() {  if [ -z "${LMOD_SH_DBG_ON+x}" ]; then
 case "$-" in
 *v*x*)
 __lmod_sh_dbg='vx'
 ;;
 *v*)
 __lmod_sh_dbg='v'
 ;;
 *x*)
 __lmod_sh_dbg='x'
 ;;
 esac;
 fi;
 if [ -n "${__lmod_sh_dbg:-}" ]; then
 set +$__lmod_sh_dbg;
 echo "Shell debugging temporarily silenced: export LMOD_SH_DBG_ON=1 for Lmod's output" 1>&2;
 fi;
 eval "$($LMOD_CMD shell "$@")" && eval "$(${LMOD_SETTARG_CMD:-:} -s sh)";
 __lmod_my_status=$?;
 if [ -n "${__lmod_sh_dbg:-}" ]; then
 echo "Shell debugging restarted" 1>&2;
 set -$__lmod_sh_dbg;
 fi;
 unset __lmod_sh_dbg;
 return $__lmod_my_status
} _=/usr/bin/env /usr/bin/cmake /home/heinlarsen/school/rcCar-Docker-ros2-dashing/controller -DAMENT_CMAKE_SYMLINK_INSTALL=1 -DCMAKE_INSTALL_PREFIX=/home/heinlarsen/school/rcCar-Docker-ros2-dashing/install/controller[0m
[0.345s] [34mcolcon.colcon_core.event_handler.log_command[0m [1;30mDEBUG[0m [32mInvoking command in '/home/heinlarsen/school/rcCar-Docker-ros2-dashing/build/rc_car': DEBUGINFOD_URLS=https://debuginfod.fedoraproject.org/ RPM_PACKAGE_NAME=${RPM_PACKAGE_NAME}
BASH_FUNC_ml%%=() {  eval "$($LMOD_DIR/ml_cmd "$@")"
}
BASH_FUNC_module%%=() {  if [ -z "${LMOD_SH_DBG_ON+x}" ]; then
 case "$-" in
 *v*x*)
 __lmod_sh_dbg='vx'
 ;;
 *v*)
 __lmod_sh_dbg='v'
 ;;
 *x*)
 __lmod_sh_dbg='x'
 ;;
 esac;
 fi;
 if [ -n "${__lmod_sh_dbg:-}" ]; then
 set +$__lmod_sh_dbg;
 echo "Shell debugging temporarily silenced: export LMOD_SH_DBG_ON=1 for Lmod's output" 1>&2;
 fi;
 eval "$($LMOD_CMD shell "$@")" && eval "$(${LMOD_SETTARG_CMD:-:} -s sh)";
 __lmod_my_status=$?;
 if [ -n "${__lmod_sh_dbg:-}" ]; then
 echo "Shell debugging restarted" 1>&2;
 set -$__lmod_sh_dbg;
 fi;
 unset __lmod_sh_dbg;
 return $__lmod_my_status
} _=/usr/bin/env /usr/bin/cmake /home/heinlarsen/school/rcCar-Docker-ros2-dashing/rc_car -DAMENT_CMAKE_SYMLINK_INSTALL=1 -DCMAKE_INSTALL_PREFIX=/home/heinlarsen/school/rcCar-Docker-ros2-dashing/install/rc_car[0m
[0.353s] [34mcolcon.colcon_core.event_handler.log_command[0m [1;30mDEBUG[0m [32mInvoking command in '/home/heinlarsen/school/rcCar-Docker-ros2-dashing/build/rplidar_ros': DEBUGINFOD_URLS=https://debuginfod.fedoraproject.org/ RPM_PACKAGE_NAME=${RPM_PACKAGE_NAME}
BASH_FUNC_ml%%=() {  eval "$($LMOD_DIR/ml_cmd "$@")"
}
BASH_FUNC_module%%=() {  if [ -z "${LMOD_SH_DBG_ON+x}" ]; then
 case "$-" in
 *v*x*)
 __lmod_sh_dbg='vx'
 ;;
 *v*)
 __lmod_sh_dbg='v'
 ;;
 *x*)
 __lmod_sh_dbg='x'
 ;;
 esac;
 fi;
 if [ -n "${__lmod_sh_dbg:-}" ]; then
 set +$__lmod_sh_dbg;
 echo "Shell debugging temporarily silenced: export LMOD_SH_DBG_ON=1 for Lmod's output" 1>&2;
 fi;
 eval "$($LMOD_CMD shell "$@")" && eval "$(${LMOD_SETTARG_CMD:-:} -s sh)";
 __lmod_my_status=$?;
 if [ -n "${__lmod_sh_dbg:-}" ]; then
 echo "Shell debugging restarted" 1>&2;
 set -$__lmod_sh_dbg;
 fi;
 unset __lmod_sh_dbg;
 return $__lmod_my_status
} _=/usr/bin/env /usr/bin/cmake /home/heinlarsen/school/rcCar-Docker-ros2-dashing/ros2_ws/src/rplidar_ros -DAMENT_CMAKE_SYMLINK_INSTALL=1 -DCMAKE_INSTALL_PREFIX=/home/heinlarsen/school/rcCar-Docker-ros2-dashing/install/rplidar_ros[0m
[0.372s] [34mcolcon.colcon_core.event_handler.log_command[0m [1;30mDEBUG[0m [32mInvoked command in '/home/heinlarsen/school/rcCar-Docker-ros2-dashing/build/controller' returned '1': DEBUGINFOD_URLS=https://debuginfod.fedoraproject.org/ RPM_PACKAGE_NAME=${RPM_PACKAGE_NAME}
BASH_FUNC_ml%%=() {  eval "$($LMOD_DIR/ml_cmd "$@")"
}
BASH_FUNC_module%%=() {  if [ -z "${LMOD_SH_DBG_ON+x}" ]; then
 case "$-" in
 *v*x*)
 __lmod_sh_dbg='vx'
 ;;
 *v*)
 __lmod_sh_dbg='v'
 ;;
 *x*)
 __lmod_sh_dbg='x'
 ;;
 esac;
 fi;
 if [ -n "${__lmod_sh_dbg:-}" ]; then
 set +$__lmod_sh_dbg;
 echo "Shell debugging temporarily silenced: export LMOD_SH_DBG_ON=1 for Lmod's output" 1>&2;
 fi;
 eval "$($LMOD_CMD shell "$@")" && eval "$(${LMOD_SETTARG_CMD:-:} -s sh)";
 __lmod_my_status=$?;
 if [ -n "${__lmod_sh_dbg:-}" ]; then
 echo "Shell debugging restarted" 1>&2;
 set -$__lmod_sh_dbg;
 fi;
 unset __lmod_sh_dbg;
 return $__lmod_my_status
} _=/usr/bin/env /usr/bin/cmake /home/heinlarsen/school/rcCar-Docker-ros2-dashing/controller -DAMENT_CMAKE_SYMLINK_INSTALL=1 -DCMAKE_INSTALL_PREFIX=/home/heinlarsen/school/rcCar-Docker-ros2-dashing/install/controller[0m
[0.384s] [34mcolcon.colcon_core.environment[0m [1;30mLevel 1[0m create_environment_scripts_only(controller)
[0.387s] [34mcolcon.colcon_core.environment[0m [1;30mLevel 1[0m checking '/home/heinlarsen/school/rcCar-Docker-ros2-dashing/install/controller' for CMake module files
[0.387s] [34mcolcon.colcon_core.environment[0m [1;30mLevel 1[0m checking '/home/heinlarsen/school/rcCar-Docker-ros2-dashing/install/controller' for CMake config files
[0.388s] [34mcolcon.colcon_core.environment[0m [1;30mLevel 1[0m checking '/home/heinlarsen/school/rcCar-Docker-ros2-dashing/install/controller/bin'
[0.388s] [34mcolcon.colcon_core.environment[0m [1;30mLevel 1[0m checking '/home/heinlarsen/school/rcCar-Docker-ros2-dashing/install/controller/lib/pkgconfig/controller.pc'
[0.389s] [34mcolcon.colcon_core.environment[0m [1;30mLevel 1[0m checking '/home/heinlarsen/school/rcCar-Docker-ros2-dashing/install/controller/lib/python3.11/site-packages'
[0.389s] [34mcolcon.colcon_core.environment[0m [1;30mLevel 1[0m checking '/home/heinlarsen/school/rcCar-Docker-ros2-dashing/install/controller/bin'
[0.390s] [34mcolcon.colcon_core.shell[0m [1;30mINFO[0m Creating package script '/home/heinlarsen/school/rcCar-Docker-ros2-dashing/install/controller/share/controller/package.ps1'
[0.390s] [34mcolcon.colcon_core.shell[0m [1;30mINFO[0m Creating package descriptor '/home/heinlarsen/school/rcCar-Docker-ros2-dashing/install/controller/share/controller/package.dsv'
[0.391s] [34mcolcon.colcon_core.shell[0m [1;30mINFO[0m Creating package script '/home/heinlarsen/school/rcCar-Docker-ros2-dashing/install/controller/share/controller/package.sh'
[0.391s] [34mcolcon.colcon_core.shell[0m [1;30mINFO[0m Creating package script '/home/heinlarsen/school/rcCar-Docker-ros2-dashing/install/controller/share/controller/package.bash'
[0.392s] [34mcolcon.colcon_core.shell[0m [1;30mINFO[0m Creating package script '/home/heinlarsen/school/rcCar-Docker-ros2-dashing/install/controller/share/controller/package.zsh'
[0.393s] [34mcolcon.colcon_core.environment[0m [1;30mLevel 1[0m create_file_with_runtime_dependencies(/home/heinlarsen/school/rcCar-Docker-ros2-dashing/install/controller/share/colcon-core/packages/controller)
[0.857s] [34mcolcon.colcon_parallel_executor.executor.parallel[0m [1;30mDEBUG[0m [32mclosing loop[0m
[0.857s] [34mcolcon.colcon_parallel_executor.executor.parallel[0m [1;30mDEBUG[0m [32mloop closed[0m
[0.857s] [34mcolcon.colcon_parallel_executor.executor.parallel[0m [1;30mDEBUG[0m [32mrun_until_complete finished with '1'[0m
[0.857s] [34mcolcon.colcon_core.event_reactor[0m [1;30mDEBUG[0m [32mjoining thread[0m
[0.867s] [34mcolcon.colcon_core.plugin_system[0m [1;30mINFO[0m Skipping extension 'colcon_notification.desktop_notification.terminal_notifier': Not used on non-Darwin systems
[0.867s] [34mcolcon.colcon_core.plugin_system[0m [1;30mINFO[0m Skipping extension 'colcon_notification.desktop_notification.win32': Not used on non-Windows systems
[0.867s] [34mcolcon.colcon_notification.desktop_notification[0m [1;30mINFO[0m Sending desktop notification using 'notify2'
[0.882s] [34mcolcon.colcon_core.event_reactor[0m [1;30mDEBUG[0m [32mjoined thread[0m
[0.882s] [34mcolcon.colcon_core.shell[0m [1;30mINFO[0m Creating prefix script '/home/heinlarsen/school/rcCar-Docker-ros2-dashing/install/local_setup.ps1'
[0.884s] [34mcolcon.colcon_core.shell[0m [1;30mINFO[0m Creating prefix util module '/home/heinlarsen/school/rcCar-Docker-ros2-dashing/install/_local_setup_util_ps1.py'
[0.885s] [34mcolcon.colcon_core.shell[0m [1;30mINFO[0m Creating prefix chain script '/home/heinlarsen/school/rcCar-Docker-ros2-dashing/install/setup.ps1'
[0.885s] [34mcolcon.colcon_core.shell[0m [1;30mINFO[0m Creating prefix script '/home/heinlarsen/school/rcCar-Docker-ros2-dashing/install/local_setup.sh'
[0.885s] [34mcolcon.colcon_core.shell[0m [1;30mINFO[0m Creating prefix util module '/home/heinlarsen/school/rcCar-Docker-ros2-dashing/install/_local_setup_util_sh.py'
[0.886s] [34mcolcon.colcon_core.shell[0m [1;30mINFO[0m Creating prefix chain script '/home/heinlarsen/school/rcCar-Docker-ros2-dashing/install/setup.sh'
[0.887s] [34mcolcon.colcon_core.shell[0m [1;30mINFO[0m Creating prefix script '/home/heinlarsen/school/rcCar-Docker-ros2-dashing/install/local_setup.bash'
[0.887s] [34mcolcon.colcon_core.shell[0m [1;30mINFO[0m Creating prefix chain script '/home/heinlarsen/school/rcCar-Docker-ros2-dashing/install/setup.bash'
[0.887s] [34mcolcon.colcon_core.shell[0m [1;30mINFO[0m Creating prefix script '/home/heinlarsen/school/rcCar-Docker-ros2-dashing/install/local_setup.zsh'
[0.888s] [34mcolcon.colcon_core.shell[0m [1;30mINFO[0m Creating prefix chain script '/home/heinlarsen/school/rcCar-Docker-ros2-dashing/install/setup.zsh'
