Invoking command in '/home/heinlarsen/school/rcCar-Docker-ros2-dashing/build/controller': DEBUGINFOD_URLS=https://debuginfod.fedoraproject.org/ RPM_PACKAGE_NAME=${RPM_PACKAGE_NAME}
BASH_FUNC_ml%%=() {  eval "$($LMOD_DIR/ml_cmd "$@")"
}
BASH_FUNC_module%%=() {  if [ -z "${LMOD_SH_DBG_ON+x}" ]; then
 case "$-" in
 *v*x*)
 __lmod_sh_dbg='vx'
 ;;
 *v*)
 __lmod_sh_dbg='v'
 ;;
 *x*)
 __lmod_sh_dbg='x'
 ;;
 esac;
 fi;
 if [ -n "${__lmod_sh_dbg:-}" ]; then
 set +$__lmod_sh_dbg;
 echo "Shell debugging temporarily silenced: export LMOD_SH_DBG_ON=1 for Lmod's output" 1>&2;
 fi;
 eval "$($LMOD_CMD shell "$@")" && eval "$(${LMOD_SETTARG_CMD:-:} -s sh)";
 __lmod_my_status=$?;
 if [ -n "${__lmod_sh_dbg:-}" ]; then
 echo "Shell debugging restarted" 1>&2;
 set -$__lmod_sh_dbg;
 fi;
 unset __lmod_sh_dbg;
 return $__lmod_my_status
} _=/usr/bin/env /usr/bin/cmake /home/heinlarsen/school/rcCar-Docker-ros2-dashing/controller -DCMAKE_INSTALL_PREFIX=/home/heinlarsen/school/rcCar-Docker-ros2-dashing/install/controller
Invoked command in '/home/heinlarsen/school/rcCar-Docker-ros2-dashing/build/controller' returned '1': DEBUGINFOD_URLS=https://debuginfod.fedoraproject.org/ RPM_PACKAGE_NAME=${RPM_PACKAGE_NAME}
BASH_FUNC_ml%%=() {  eval "$($LMOD_DIR/ml_cmd "$@")"
}
BASH_FUNC_module%%=() {  if [ -z "${LMOD_SH_DBG_ON+x}" ]; then
 case "$-" in
 *v*x*)
 __lmod_sh_dbg='vx'
 ;;
 *v*)
 __lmod_sh_dbg='v'
 ;;
 *x*)
 __lmod_sh_dbg='x'
 ;;
 esac;
 fi;
 if [ -n "${__lmod_sh_dbg:-}" ]; then
 set +$__lmod_sh_dbg;
 echo "Shell debugging temporarily silenced: export LMOD_SH_DBG_ON=1 for Lmod's output" 1>&2;
 fi;
 eval "$($LMOD_CMD shell "$@")" && eval "$(${LMOD_SETTARG_CMD:-:} -s sh)";
 __lmod_my_status=$?;
 if [ -n "${__lmod_sh_dbg:-}" ]; then
 echo "Shell debugging restarted" 1>&2;
 set -$__lmod_sh_dbg;
 fi;
 unset __lmod_sh_dbg;
 return $__lmod_my_status
} _=/usr/bin/env /usr/bin/cmake /home/heinlarsen/school/rcCar-Docker-ros2-dashing/controller -DCMAKE_INSTALL_PREFIX=/home/heinlarsen/school/rcCar-Docker-ros2-dashing/install/controller
